\BOOKMARK [0][-]{chapter.1}{\376\377\000P\000r\000o\000g\000r\000a\000m\000\040\000t\000w\000o\000r\000z\000a\000c\000y\000\040\000s\000t\000r\000u\000k\000t\000u\000r\000y\000\040\000d\000a\000n\000y\000c\000h\000.}{}
\BOOKMARK [0][-]{chapter.2}{\376\377\000I\000n\000d\000e\000k\000s\000\040\000k\000l\000a\000s}{}
\BOOKMARK [1][-]{section.2.1}{\376\377\000H\000i\000e\000r\000a\000r\000c\000h\000i\000a\000\040\000k\000l\000a\000s}{chapter.2}
\BOOKMARK [0][-]{chapter.3}{\376\377\000I\000n\000d\000e\000k\000s\000\040\000k\000l\000a\000s}{}
\BOOKMARK [1][-]{section.3.1}{\376\377\000L\000i\000s\000t\000a\000\040\000k\000l\000a\000s}{chapter.3}
\BOOKMARK [0][-]{chapter.4}{\376\377\000I\000n\000d\000e\000k\000s\000\040\000p\000l\000i\000k\000\363\000w}{}
\BOOKMARK [1][-]{section.4.1}{\376\377\000L\000i\000s\000t\000a\000\040\000p\000l\000i\000k\000\363\000w}{chapter.4}
\BOOKMARK [0][-]{chapter.5}{\376\377\000D\000o\000k\000u\000m\000e\000n\000t\000a\000c\000j\000a\000\040\000k\000l\000a\000s}{}
\BOOKMARK [1][-]{section.5.1}{\376\377\000D\000o\000k\000u\000m\000e\000n\000t\000a\000c\000j\000a\000\040\000k\000l\000a\000s\000y\000\040\000B\000e\000n\000c\000h\000m\000a\000r\000k}{chapter.5}
\BOOKMARK [2][-]{subsection.5.1.1}{\376\377\000O\000p\000i\000s\000\040\000s\000z\000c\000z\000e\000g\000\363\001\102\000o\000w\000y}{section.5.1}
\BOOKMARK [2][-]{subsection.5.1.2}{\376\377\000D\000o\000k\000u\000m\000e\000n\000t\000a\000c\000j\000a\000\040\000k\000o\000n\000s\000t\000r\000u\000k\000t\000o\000r\000a\000\040\000i\000\040\000d\000e\000s\000t\000r\000u\000k\000t\000o\000r\000a}{section.5.1}
\BOOKMARK [3][-]{subsubsection.5.1.2.1}{\376\377\000B\000e\000n\000c\000h\000m\000a\000r\000k}{subsection.5.1.2}
\BOOKMARK [3][-]{subsubsection.5.1.2.2}{\376\377\000B\000e\000n\000c\000h\000m\000a\000r\000k}{subsection.5.1.2}
\BOOKMARK [2][-]{subsection.5.1.3}{\376\377\000D\000o\000k\000u\000m\000e\000n\000t\000a\000c\000j\000a\000\040\000f\000u\000n\000k\000c\000j\000i\000\040\000s\000k\001\102\000a\000d\000o\000w\000y\000c\000h}{section.5.1}
\BOOKMARK [3][-]{subsubsection.5.1.3.1}{\376\377\000C\000z\000a\000s\000\137\000S\000t\000a\000r\000t}{subsection.5.1.3}
\BOOKMARK [3][-]{subsubsection.5.1.3.2}{\376\377\000C\000z\000a\000s\000\137\000S\000t\000o\000p}{subsection.5.1.3}
\BOOKMARK [3][-]{subsubsection.5.1.3.3}{\376\377\000L\000i\000c\000z\000\137\000S\000r\000e\000d\000n\000i\000a}{subsection.5.1.3}
\BOOKMARK [3][-]{subsubsection.5.1.3.4}{\376\377\000L\000o\000s\000u\000j}{subsection.5.1.3}
\BOOKMARK [3][-]{subsubsection.5.1.3.5}{\376\377\000T\000a\000b\000l\000i\000c\000a}{subsection.5.1.3}
\BOOKMARK [3][-]{subsubsection.5.1.3.6}{\376\377\000W\000c\000z\000y\000t\000a\000j\000\137\000D\000a\000n\000e}{subsection.5.1.3}
\BOOKMARK [3][-]{subsubsection.5.1.3.7}{\376\377\000Z\000a\000p\000i\000s\000z\000\137\000W\000y\000n\000i\000k\000i}{subsection.5.1.3}
\BOOKMARK [2][-]{subsection.5.1.4}{\376\377\000D\000o\000k\000u\000m\000e\000n\000t\000a\000c\000j\000a\000\040\000a\000t\000r\000y\000b\000u\000t\000\363\000w\000\040\000s\000k\001\102\000a\000d\000o\000w\000y\000c\000h}{section.5.1}
\BOOKMARK [3][-]{subsubsection.5.1.4.1}{\376\377\000\137\000t\000a\000b\000l\000i\000c\000a\000\137\000l\000i\000c\000z\000b}{subsection.5.1.4}
\BOOKMARK [3][-]{subsubsection.5.1.4.2}{\376\377\000I\000l\000o\000s\000c\000\137\000D\000a\000n\000y\000c\000h}{subsection.5.1.4}
\BOOKMARK [3][-]{subsubsection.5.1.4.3}{\376\377\000i\000t\000e\000r\000a\000t\000o\000r}{subsection.5.1.4}
\BOOKMARK [3][-]{subsubsection.5.1.4.4}{\376\377\000i\000t\000e\000r\000a\000t\000o\000r\000\137\000s\000r\000e\000d\000n\000i\000e\000j}{subsection.5.1.4}
\BOOKMARK [3][-]{subsubsection.5.1.4.5}{\376\377\000r\000o\000z\000m\000i\000a\000r\000\137\000t\000a\000b\000l\000i\000c}{subsection.5.1.4}
\BOOKMARK [3][-]{subsubsection.5.1.4.6}{\376\377\000s\000r\000e\000d\000n\000i\000a\000\137\000j\000e\000d\000n\000e\000g\000o\000\137\000p\000r\000o\000b\000l\000e\000m\000u}{subsection.5.1.4}
\BOOKMARK [3][-]{subsubsection.5.1.4.7}{\376\377\000s\000t\000o\000p\000e\000r\000\137\000s\000t\000a\000r\000t}{subsection.5.1.4}
\BOOKMARK [3][-]{subsubsection.5.1.4.8}{\376\377\000s\000t\000o\000p\000e\000r\000\137\000s\000t\000o\000p}{subsection.5.1.4}
\BOOKMARK [3][-]{subsubsection.5.1.4.9}{\376\377\000w\000i\000e\000l\000k\000o\000s\000c\000\137\000p\000r\000o\000b\000l\000e\000m\000u}{subsection.5.1.4}
\BOOKMARK [1][-]{section.5.2}{\376\377\000D\000o\000k\000u\000m\000e\000n\000t\000a\000c\000j\000a\000\040\000s\000z\000a\000b\000l\000o\000n\000u\000\040\000k\000l\000a\000s\000y\000\040\000K\000o\000l\000e\000j\000k\000a\000<\000\040\000T\000Y\000P\000\040\000>}{chapter.5}
\BOOKMARK [2][-]{subsection.5.2.1}{\376\377\000O\000p\000i\000s\000\040\000s\000z\000c\000z\000e\000g\000\363\001\102\000o\000w\000y}{section.5.2}
\BOOKMARK [2][-]{subsection.5.2.2}{\376\377\000D\000o\000k\000u\000m\000e\000n\000t\000a\000c\000j\000a\000\040\000f\000u\000n\000k\000c\000j\000i\000\040\000s\000k\001\102\000a\000d\000o\000w\000y\000c\000h}{section.5.2}
\BOOKMARK [3][-]{subsubsection.5.2.2.1}{\376\377\000P\000O\000P}{subsection.5.2.2}
\BOOKMARK [3][-]{subsubsection.5.2.2.2}{\376\377\000P\000U\000S\000H}{subsection.5.2.2}
\BOOKMARK [3][-]{subsubsection.5.2.2.3}{\376\377\000S\000H\000O\000W}{subsection.5.2.2}
\BOOKMARK [3][-]{subsubsection.5.2.2.4}{\376\377\000S\000I\000Z\000E}{subsection.5.2.2}
\BOOKMARK [1][-]{section.5.3}{\376\377\000D\000o\000k\000u\000m\000e\000n\000t\000a\000c\000j\000a\000\040\000s\000z\000a\000b\000l\000o\000n\000u\000\040\000k\000l\000a\000s\000y\000\040\000L\000i\000s\000t\000a\000<\000\040\000T\000Y\000P\000\040\000>}{chapter.5}
\BOOKMARK [2][-]{subsection.5.3.1}{\376\377\000O\000p\000i\000s\000\040\000s\000z\000c\000z\000e\000g\000\363\001\102\000o\000w\000y}{section.5.3}
\BOOKMARK [2][-]{subsection.5.3.2}{\376\377\000D\000o\000k\000u\000m\000e\000n\000t\000a\000c\000j\000a\000\040\000k\000o\000n\000s\000t\000r\000u\000k\000t\000o\000r\000a\000\040\000i\000\040\000d\000e\000s\000t\000r\000u\000k\000t\000o\000r\000a}{section.5.3}
\BOOKMARK [3][-]{subsubsection.5.3.2.1}{\376\377\000L\000i\000s\000t\000a}{subsection.5.3.2}
\BOOKMARK [3][-]{subsubsection.5.3.2.2}{\376\377\000L\000i\000s\000t\000a}{subsection.5.3.2}
\BOOKMARK [2][-]{subsection.5.3.3}{\376\377\000D\000o\000k\000u\000m\000e\000n\000t\000a\000c\000j\000a\000\040\000f\000u\000n\000k\000c\000j\000i\000\040\000s\000k\001\102\000a\000d\000o\000w\000y\000c\000h}{section.5.3}
\BOOKMARK [3][-]{subsubsection.5.3.3.1}{\376\377\000P\000O\000P}{subsection.5.3.3}
\BOOKMARK [3][-]{subsubsection.5.3.3.2}{\376\377\000P\000o\000w\000i\000e\000k\000s\000z\000e\000n\000i\000e\000\137\000P\000a\000m\000i\000e\000c\000i}{subsection.5.3.3}
\BOOKMARK [3][-]{subsubsection.5.3.3.3}{\376\377\000P\000U\000S\000H}{subsection.5.3.3}
\BOOKMARK [3][-]{subsubsection.5.3.3.4}{\376\377\000R\000o\000z\000m\000i\000a\000r}{subsection.5.3.3}
\BOOKMARK [3][-]{subsubsection.5.3.3.5}{\376\377\000S\000H\000O\000W}{subsection.5.3.3}
\BOOKMARK [3][-]{subsubsection.5.3.3.6}{\376\377\000S\000I\000Z\000E}{subsection.5.3.3}
\BOOKMARK [3][-]{subsubsection.5.3.3.7}{\376\377\000Z\000m\000n\000i\000e\000j\000s\000z\000e\000n\000i\000e\000\137\000P\000a\000m\000i\000e\000c\000i}{subsection.5.3.3}
\BOOKMARK [2][-]{subsection.5.3.4}{\376\377\000D\000o\000k\000u\000m\000e\000n\000t\000a\000c\000j\000a\000\040\000a\000t\000r\000y\000b\000u\000t\000\363\000w\000\040\000s\000k\001\102\000a\000d\000o\000w\000y\000c\000h}{section.5.3}
\BOOKMARK [3][-]{subsubsection.5.3.4.1}{\376\377\000\137\000r\000o\000z\000m\000i\000a\000r\000\137\000l\000i\000s\000t\000y}{subsection.5.3.4}
\BOOKMARK [3][-]{subsubsection.5.3.4.2}{\376\377\000k\000o\000n\000i\000e\000c}{subsection.5.3.4}
\BOOKMARK [3][-]{subsubsection.5.3.4.3}{\376\377\000p\000o\000c\000z\000a\000t\000e\000k}{subsection.5.3.4}
\BOOKMARK [3][-]{subsubsection.5.3.4.4}{\376\377\000t\000a\000b}{subsection.5.3.4}
\BOOKMARK [1][-]{section.5.4}{\376\377\000D\000o\000k\000u\000m\000e\000n\000t\000a\000c\000j\000a\000\040\000s\000z\000a\000b\000l\000o\000n\000u\000\040\000k\000l\000a\000s\000y\000\040\000S\000t\000o\000s\000<\000\040\000T\000Y\000P\000\040\000>}{chapter.5}
\BOOKMARK [2][-]{subsection.5.4.1}{\376\377\000O\000p\000i\000s\000\040\000s\000z\000c\000z\000e\000g\000\363\001\102\000o\000w\000y}{section.5.4}
\BOOKMARK [2][-]{subsection.5.4.2}{\376\377\000D\000o\000k\000u\000m\000e\000n\000t\000a\000c\000j\000a\000\040\000f\000u\000n\000k\000c\000j\000i\000\040\000s\000k\001\102\000a\000d\000o\000w\000y\000c\000h}{section.5.4}
\BOOKMARK [3][-]{subsubsection.5.4.2.1}{\376\377\000P\000O\000P}{subsection.5.4.2}
\BOOKMARK [3][-]{subsubsection.5.4.2.2}{\376\377\000P\000U\000S\000H}{subsection.5.4.2}
\BOOKMARK [3][-]{subsubsection.5.4.2.3}{\376\377\000S\000H\000O\000W}{subsection.5.4.2}
\BOOKMARK [3][-]{subsubsection.5.4.2.4}{\376\377\000S\000I\000Z\000E}{subsection.5.4.2}
\BOOKMARK [0][-]{chapter.6}{\376\377\000D\000o\000k\000u\000m\000e\000n\000t\000a\000c\000j\000a\000\040\000p\000l\000i\000k\000\363\000w}{}
\BOOKMARK [1][-]{section.6.1}{\376\377\000D\000o\000k\000u\000m\000e\000n\000t\000a\000c\000j\000a\000\040\000p\000l\000i\000k\000u\000\040\000B\000e\000n\000c\000h\000m\000a\000r\000k\000.\000c\000p\000p}{chapter.6}
\BOOKMARK [2][-]{subsection.6.1.1}{\376\377\000O\000p\000i\000s\000\040\000s\000z\000c\000z\000e\000g\000\363\001\102\000o\000w\000y}{section.6.1}
\BOOKMARK [1][-]{section.6.2}{\376\377\000D\000o\000k\000u\000m\000e\000n\000t\000a\000c\000j\000a\000\040\000p\000l\000i\000k\000u\000\040\000B\000e\000n\000c\000h\000m\000a\000r\000k\000.\000h\000h}{chapter.6}
\BOOKMARK [2][-]{subsection.6.2.1}{\376\377\000O\000p\000i\000s\000\040\000s\000z\000c\000z\000e\000g\000\363\001\102\000o\000w\000y}{section.6.2}
\BOOKMARK [1][-]{section.6.3}{\376\377\000D\000o\000k\000u\000m\000e\000n\000t\000a\000c\000j\000a\000\040\000p\000l\000i\000k\000u\000\040\000K\000o\000l\000e\000j\000k\000a\000.\000h\000h}{chapter.6}
\BOOKMARK [2][-]{subsection.6.3.1}{\376\377\000O\000p\000i\000s\000\040\000s\000z\000c\000z\000e\000g\000\363\001\102\000o\000w\000y}{section.6.3}
\BOOKMARK [1][-]{section.6.4}{\376\377\000D\000o\000k\000u\000m\000e\000n\000t\000a\000c\000j\000a\000\040\000p\000l\000i\000k\000u\000\040\000L\000i\000s\000t\000a\000.\000c\000p\000p}{chapter.6}
\BOOKMARK [2][-]{subsection.6.4.1}{\376\377\000D\000o\000k\000u\000m\000e\000n\000t\000a\000c\000j\000a\000\040\000f\000u\000n\000k\000c\000j\000i}{section.6.4}
\BOOKMARK [3][-]{subsubsection.6.4.1.1}{\376\377\000m\000a\000i\000n}{subsection.6.4.1}
\BOOKMARK [1][-]{section.6.5}{\376\377\000D\000o\000k\000u\000m\000e\000n\000t\000a\000c\000j\000a\000\040\000p\000l\000i\000k\000u\000\040\000L\000i\000s\000t\000a\000.\000h\000h}{chapter.6}
\BOOKMARK [2][-]{subsection.6.5.1}{\376\377\000O\000p\000i\000s\000\040\000s\000z\000c\000z\000e\000g\000\363\001\102\000o\000w\000y}{section.6.5}
\BOOKMARK [1][-]{section.6.6}{\376\377\000D\000o\000k\000u\000m\000e\000n\000t\000a\000c\000j\000a\000\040\000p\000l\000i\000k\000u\000\040\000S\000t\000o\000s\000.\000h\000h}{chapter.6}
\BOOKMARK [2][-]{subsection.6.6.1}{\376\377\000O\000p\000i\000s\000\040\000s\000z\000c\000z\000e\000g\000\363\001\102\000o\000w\000y}{section.6.6}
\BOOKMARK [1][-]{section.6.7}{\376\377\000D\000o\000k\000u\000m\000e\000n\000t\000a\000c\000j\000a\000\040\000p\000l\000i\000k\000u\000\040\000s\000t\000r\000o\000n\000a\000.\000d\000o\000x}{chapter.6}
\BOOKMARK [1][-]{section.6.8}{\376\377\000D\000o\000k\000u\000m\000e\000n\000t\000a\000c\000j\000a\000\040\000p\000l\000i\000k\000u\000\040\000S\000t\000r\000u\000k\000t\000u\000r\000y\000.\000c\000p\000p}{chapter.6}
\BOOKMARK [2][-]{subsection.6.8.1}{\376\377\000D\000o\000k\000u\000m\000e\000n\000t\000a\000c\000j\000a\000\040\000f\000u\000n\000k\000c\000j\000i}{section.6.8}
\BOOKMARK [3][-]{subsubsection.6.8.1.1}{\376\377\000m\000a\000i\000n}{subsection.6.8.1}
\BOOKMARK [1][-]{section.6.9}{\376\377\000D\000o\000k\000u\000m\000e\000n\000t\000a\000c\000j\000a\000\040\000p\000l\000i\000k\000u\000\040\000T\000e\000s\000t\000.\000c\000p\000p}{chapter.6}
\BOOKMARK [2][-]{subsection.6.9.1}{\376\377\000D\000o\000k\000u\000m\000e\000n\000t\000a\000c\000j\000a\000\040\000d\000e\000f\000i\000n\000i\000c\000j\000i}{section.6.9}
\BOOKMARK [3][-]{subsubsection.6.9.1.1}{\376\377\000S\000T\000A\000L\000A}{subsection.6.9.1}
\BOOKMARK [2][-]{subsection.6.9.2}{\376\377\000D\000o\000k\000u\000m\000e\000n\000t\000a\000c\000j\000a\000\040\000f\000u\000n\000k\000c\000j\000i}{section.6.9}
\BOOKMARK [3][-]{subsubsection.6.9.2.1}{\376\377\000f\000u\000n\000k\000c\000j\000a}{subsection.6.9.2}
\BOOKMARK [3][-]{subsubsection.6.9.2.2}{\376\377\000m\000a\000i\000n}{subsection.6.9.2}
