\BOOKMARK [0][-]{chapter.1}{\376\377\000I\000n\000d\000e\000k\000s\000\040\000h\000i\000e\000r\000a\000r\000c\000h\000i\000c\000z\000n\000y}{}% 1
\BOOKMARK [1][-]{section.1.1}{\376\377\000H\000i\000e\000r\000a\000r\000c\000h\000i\000a\000\040\000k\000l\000a\000s}{chapter.1}% 2
\BOOKMARK [0][-]{chapter.2}{\376\377\000I\000n\000d\000e\000k\000s\000\040\000k\000l\000a\000s}{}% 3
\BOOKMARK [1][-]{section.2.1}{\376\377\000L\000i\000s\000t\000a\000\040\000k\000l\000a\000s}{chapter.2}% 4
\BOOKMARK [0][-]{chapter.3}{\376\377\000I\000n\000d\000e\000k\000s\000\040\000p\000l\000i\000k\000\363\000w}{}% 5
\BOOKMARK [1][-]{section.3.1}{\376\377\000L\000i\000s\000t\000a\000\040\000p\000l\000i\000k\000\363\000w}{chapter.3}% 6
\BOOKMARK [0][-]{chapter.4}{\376\377\000D\000o\000k\000u\000m\000e\000n\000t\000a\000c\000j\000a\000\040\000k\000l\000a\000s}{}% 7
\BOOKMARK [1][-]{section.4.1}{\376\377\000D\000o\000k\000u\000m\000e\000n\000t\000a\000c\000j\000a\000\040\000s\000z\000a\000b\000l\000o\000n\000u\000\040\000k\000l\000a\000s\000y\000\040\000B\000e\000n\000c\000h\000m\000a\000r\000k\000<\000\040\000T\000\040\000>}{chapter.4}% 8
\BOOKMARK [2][-]{subsection.4.1.1}{\376\377\000O\000p\000i\000s\000\040\000s\000z\000c\000z\000e\000g\000\363\001\102\000o\000w\000y}{section.4.1}% 9
\BOOKMARK [2][-]{subsection.4.1.2}{\376\377\000D\000o\000k\000u\000m\000e\000n\000t\000a\000c\000j\000a\000\040\000k\000o\000n\000s\000t\000r\000u\000k\000t\000o\000r\000a\000\040\000i\000\040\000d\000e\000s\000t\000r\000u\000k\000t\000o\000r\000a}{section.4.1}% 10
\BOOKMARK [3][-]{subsubsection.4.1.2.1}{\376\377\000B\000e\000n\000c\000h\000m\000a\000r\000k}{subsection.4.1.2}% 11
\BOOKMARK [1][-]{section.4.2}{\376\377\000D\000o\000k\000u\000m\000e\000n\000t\000a\000c\000j\000a\000\040\000s\000z\000a\000b\000l\000o\000n\000u\000\040\000k\000l\000a\000s\000y\000\040\000K\000o\000l\000e\000j\000k\000a\000<\000\040\000T\000Y\000P\000\040\000>}{chapter.4}% 12
\BOOKMARK [2][-]{subsection.4.2.1}{\376\377\000O\000p\000i\000s\000\040\000s\000z\000c\000z\000e\000g\000\363\001\102\000o\000w\000y}{section.4.2}% 13
\BOOKMARK [1][-]{section.4.3}{\376\377\000D\000o\000k\000u\000m\000e\000n\000t\000a\000c\000j\000a\000\040\000s\000z\000a\000b\000l\000o\000n\000u\000\040\000k\000l\000a\000s\000y\000\040\000L\000i\000s\000t\000a\000<\000\040\000T\000Y\000P\000\040\000>}{chapter.4}% 14
\BOOKMARK [2][-]{subsection.4.3.1}{\376\377\000O\000p\000i\000s\000\040\000s\000z\000c\000z\000e\000g\000\363\001\102\000o\000w\000y}{section.4.3}% 15
\BOOKMARK [1][-]{section.4.4}{\376\377\000D\000o\000k\000u\000m\000e\000n\000t\000a\000c\000j\000a\000\040\000s\000z\000a\000b\000l\000o\000n\000u\000\040\000k\000l\000a\000s\000y\000\040\000S\000t\000o\000s\000<\000\040\000T\000Y\000P\000\040\000>}{chapter.4}% 16
\BOOKMARK [2][-]{subsection.4.4.1}{\376\377\000O\000p\000i\000s\000\040\000s\000z\000c\000z\000e\000g\000\363\001\102\000o\000w\000y}{section.4.4}% 17
\BOOKMARK [1][-]{section.4.5}{\376\377\000D\000o\000k\000u\000m\000e\000n\000t\000a\000c\000j\000a\000\040\000k\000l\000a\000s\000y\000\040\000T\000i\000m\000e\000r}{chapter.4}% 18
\BOOKMARK [2][-]{subsection.4.5.1}{\376\377\000O\000p\000i\000s\000\040\000s\000z\000c\000z\000e\000g\000\363\001\102\000o\000w\000y}{section.4.5}% 19
\BOOKMARK [2][-]{subsection.4.5.2}{\376\377\000D\000o\000k\000u\000m\000e\000n\000t\000a\000c\000j\000a\000\040\000k\000o\000n\000s\000t\000r\000u\000k\000t\000o\000r\000a\000\040\000i\000\040\000d\000e\000s\000t\000r\000u\000k\000t\000o\000r\000a}{section.4.5}% 20
\BOOKMARK [3][-]{subsubsection.4.5.2.1}{\376\377\000T\000i\000m\000e\000r}{subsection.4.5.2}% 21
\BOOKMARK [2][-]{subsection.4.5.3}{\376\377\000D\000o\000k\000u\000m\000e\000n\000t\000a\000c\000j\000a\000\040\000f\000u\000n\000k\000c\000j\000i\000\040\000s\000k\001\102\000a\000d\000o\000w\000y\000c\000h}{section.4.5}% 22
\BOOKMARK [3][-]{subsubsection.4.5.3.1}{\376\377\000d\000i\000f\000f\000T\000i\000m\000e\000M\000s}{subsection.4.5.3}% 23
\BOOKMARK [3][-]{subsubsection.4.5.3.2}{\376\377\000s\000t\000a\000r\000t\000T\000i\000m\000e\000r}{subsection.4.5.3}% 24
\BOOKMARK [3][-]{subsubsection.4.5.3.3}{\376\377\000s\000t\000o\000p\000T\000i\000m\000e\000r}{subsection.4.5.3}% 25
\BOOKMARK [0][-]{chapter.5}{\376\377\000D\000o\000k\000u\000m\000e\000n\000t\000a\000c\000j\000a\000\040\000p\000l\000i\000k\000\363\000w}{}% 26
\BOOKMARK [1][-]{section.5.1}{\376\377\000D\000o\000k\000u\000m\000e\000n\000t\000a\000c\000j\000a\000\040\000p\000l\000i\000k\000u\000\040\000/\000h\000o\000m\000e\000/\000m\000a\000t\000e\000u\000s\000z\000/\000g\000i\000t\000/\0002\0000\0009\0003\0006\0005\000/\000L\000a\000b\0003\000/\000p\000r\000j\000/\000i\000n\000c\000/\000B\000e\000n\000c\000h\000m\000a\000r\000k\000.\000h\000h}{chapter.5}% 27
\BOOKMARK [2][-]{subsection.5.1.1}{\376\377\000O\000p\000i\000s\000\040\000s\000z\000c\000z\000e\000g\000\363\001\102\000o\000w\000y}{section.5.1}% 28
\BOOKMARK [1][-]{section.5.2}{\376\377\000D\000o\000k\000u\000m\000e\000n\000t\000a\000c\000j\000a\000\040\000p\000l\000i\000k\000u\000\040\000/\000h\000o\000m\000e\000/\000m\000a\000t\000e\000u\000s\000z\000/\000g\000i\000t\000/\0002\0000\0009\0003\0006\0005\000/\000L\000a\000b\0003\000/\000p\000r\000j\000/\000i\000n\000c\000/\000K\000o\000l\000e\000j\000k\000a\000.\000h\000h}{chapter.5}% 29
\BOOKMARK [2][-]{subsection.5.2.1}{\376\377\000O\000p\000i\000s\000\040\000s\000z\000c\000z\000e\000g\000\363\001\102\000o\000w\000y}{section.5.2}% 30
\BOOKMARK [1][-]{section.5.3}{\376\377\000D\000o\000k\000u\000m\000e\000n\000t\000a\000c\000j\000a\000\040\000p\000l\000i\000k\000u\000\040\000/\000h\000o\000m\000e\000/\000m\000a\000t\000e\000u\000s\000z\000/\000g\000i\000t\000/\0002\0000\0009\0003\0006\0005\000/\000L\000a\000b\0003\000/\000p\000r\000j\000/\000i\000n\000c\000/\000L\000i\000s\000t\000a\000.\000h\000h}{chapter.5}% 31
\BOOKMARK [2][-]{subsection.5.3.1}{\376\377\000O\000p\000i\000s\000\040\000s\000z\000c\000z\000e\000g\000\363\001\102\000o\000w\000y}{section.5.3}% 32
\BOOKMARK [1][-]{section.5.4}{\376\377\000D\000o\000k\000u\000m\000e\000n\000t\000a\000c\000j\000a\000\040\000p\000l\000i\000k\000u\000\040\000/\000h\000o\000m\000e\000/\000m\000a\000t\000e\000u\000s\000z\000/\000g\000i\000t\000/\0002\0000\0009\0003\0006\0005\000/\000L\000a\000b\0003\000/\000p\000r\000j\000/\000i\000n\000c\000/\000S\000t\000o\000s\000.\000h\000h}{chapter.5}% 33
\BOOKMARK [2][-]{subsection.5.4.1}{\376\377\000O\000p\000i\000s\000\040\000s\000z\000c\000z\000e\000g\000\363\001\102\000o\000w\000y}{section.5.4}% 34
\BOOKMARK [1][-]{section.5.5}{\376\377\000D\000o\000k\000u\000m\000e\000n\000t\000a\000c\000j\000a\000\040\000p\000l\000i\000k\000u\000\040\000/\000h\000o\000m\000e\000/\000m\000a\000t\000e\000u\000s\000z\000/\000g\000i\000t\000/\0002\0000\0009\0003\0006\0005\000/\000L\000a\000b\0003\000/\000p\000r\000j\000/\000i\000n\000c\000/\000T\000i\000m\000e\000r\000.\000h\000h}{chapter.5}% 35
\BOOKMARK [2][-]{subsection.5.5.1}{\376\377\000O\000p\000i\000s\000\040\000s\000z\000c\000z\000e\000g\000\363\001\102\000o\000w\000y}{section.5.5}% 36
\BOOKMARK [1][-]{section.5.6}{\376\377\000D\000o\000k\000u\000m\000e\000n\000t\000a\000c\000j\000a\000\040\000p\000l\000i\000k\000u\000\040\000/\000h\000o\000m\000e\000/\000m\000a\000t\000e\000u\000s\000z\000/\000g\000i\000t\000/\0002\0000\0009\0003\0006\0005\000/\000L\000a\000b\0003\000/\000p\000r\000j\000/\000s\000r\000c\000/\000T\000i\000m\000e\000r\000.\000c\000p\000p}{chapter.5}% 37
\BOOKMARK [2][-]{subsection.5.6.1}{\376\377\000O\000p\000i\000s\000\040\000s\000z\000c\000z\000e\000g\000\363\001\102\000o\000w\000y}{section.5.6}% 38
\BOOKMARK [0][-]{section*.17}{\376\377\000I\000n\000d\000e\000k\000s}{}% 39
